<?xml version="1.0" encoding="UTF-8"?>
<testsuite xmlns:xsi="http://www.w3.org/2001/XMLSchema-instance" xsi:noNamespaceSchemaLocation="https://maven.apache.org/surefire/maven-surefire-plugin/xsd/surefire-test-report.xsd" name="BonusServiceTest" time="0.051" tests="4" errors="0" skipped="0" failures="0">
  <properties>
[...]
</properties>
  <testcase name="shouldCalculateForRegisteredAndOverLimit" classname="BonusServiceTest" time="0.036"/>
  <testcase name="shouldCalculateForNotRegisteredAndUnderLimit" classname="BonusServiceTest" time="0.001"/>
  <testcase name="shouldCalculateForNotRegisteredAndOverLimit" classname="BonusServiceTest" time="0.001"/>
  <testcase name="shouldCalculateForRegisteredAndUnderLimit" classname="BonusServiceTest" time="0.003"/>
</testsuite>